[XSHELL2 MAIN]: ALIVE!
[XSHELL2 MAIN]: CDosCard created
Warning: [XSHELL2 MAIN]: Default loading failed. Trying with another path...
[XSHELL2 MAIN]: Loaded successfully!
[XSHELL2 MAIN]: Version info:
libDosCard ver.v.0.0.2 build 74
Compiled with g++-4.8.2 (Gentoo 4.8.2 p1.3r1, pie-0.5.8r1) 4.8.2 on Tue Mar  4 16:55:10 MSK 2014
wrapper: libdoscard wrapper [API 2]
Compiled with clang version 3.4 (tags/RELEASE_34/final) on Tue Mar  4 16:55:10 MSK 2014

[XSHELL2 MAIN]: Prepared successfully
LDBCB_MSG: CDosBox::Execute(): Enter
LDBCB_MSG: DOSCARD version 0.0.5 build 386
LDBCB_MSG: Copyright (C) 2002-2013 DOSBox Team, published under GNU GPL.
LDBCB_MSG: Copyright (C) 2013-2014 Soloviov 'MatrixS_Master' Dmitry.
LDBCB_MSG: Compiled with clang version 3.4 (tags/RELEASE_34/final) Tue Mar  4 16:55:10 MSK 2014
LDBCB_MSG: CDosBox::Execute(): Initializing subsystems...
LDBCB_MSG: TITLE [DOSCARD 0.0.5, CPU speed:     3000 cycles, Frameskip  0, Program:   DOSBOX]
LDBCB_MSG: MIXER: Starting f=44100, l=256
LDBCB_MSG: Serial port params changed
LDBCB_MSG: Serial port params changed
LDBCB_MSG: Serial port params changed
LDBCB_MSG: Serial port 0 configured as dummy
LDBCB_MSG: Serial port params changed
LDBCB_MSG: Serial port params changed
LDBCB_MSG: Serial port params changed
LDBCB_MSG: Serial port 1 configured as dummy
LDBCB_MSG: Serial port 2 disabled
LDBCB_MSG: Serial port 3 disabled
LDBCB_MSG: dbfopen(): Pretend to open file auto.kl for rb
LDBCB_MSG: dbfopen(): Pretend to open file keyboard.sys for rb
LDBCB_MSG: dbfopen(): Pretend to open file keybrd2.sys for rb
LDBCB_MSG: dbfopen(): Pretend to open file keybrd3.sys for rb
LDBCB_MSG: dbfopen(): Pretend to open file keyboard.sys for rb
LDBCB_MSG: dbfopen(): Pretend to open file keybrd2.sys for rb
LDBCB_MSG: dbfopen(): Pretend to open file keybrd3.sys for rb
LDBCB_MSG: dbfopen(): Pretend to open file auto.kl for rb
LDBCB_MSG: dbfopen(): Pretend to open file keyboard.sys for rb
LDBCB_MSG: dbfopen(): Pretend to open file keybrd2.sys for rb
LDBCB_MSG: dbfopen(): Pretend to open file keybrd3.sys for rb
LDBCB_MSG: dbfopen(): Pretend to open file keyboard.sys for rb
LDBCB_MSG: dbfopen(): Pretend to open file keybrd2.sys for rb
LDBCB_MSG: dbfopen(): Pretend to open file keybrd3.sys for rb
LDBCB_MSG: CDosBox::Execute(): Run!
LDBCB_MSG: ht 100 vt 449 ratio 1.000000
frm sz = 640 x 400
frm crc = 2236958928
frm sz = 640 x 400
frm crc = 2236958928
frm sz = 640 x 400
frm crc = 2236958928
frm sz = 640 x 400
frm crc = 2236958928
frm sz = 640 x 400
frm crc = 2236958928
frm sz = 640 x 400
frm crc = 2236958928
frm sz = 640 x 400
frm crc = 2236958928
frm sz = 640 x 400
frm crc = 2415915888
frm sz = 640 x 400
frm crc = 2415915888
frm sz = 640 x 400
frm crc = 2415915888
