[PROFILE]: Started
[PROFILE]: Stub mode
[XSHELL MAIN]: ALIVE!
[XSHELL MAIN]: Class instance created
[XSHELL MAIN]: SDL2 context created successfully
[XSHELL MAIN]: DOS Thread running!
[XS_SDLoop]: Loop begins
[XS_Message]: CDosBox::Execute(): Enter
[XS_Message]: DOSCARD version 0.0.3 bld 227
[XS_Message]: Copyright (C) 2002-2013 DOSBox Team, published under GNU GPL.
[XS_Message]: Copyright (C) 2013-2014 Soloviov 'MatrixS_Master' Dmitry.
[XS_Message]: Compiled with gcc (Debian 4.4.5-8) 4.4.5 Fri Feb 14 23:09:17 MSK 2014
[XS_Message]: CDosBox::Execute(): Initializing subsystems...
WARN: sect->AddDestroyFunction(&IO_Destroy)
WARN: sec->AddDestroyFunction(&MEM_ShutDown)
WARN: sec->AddDestroyFunction(&PIC_Destroy)
WARN: sec->AddDestroyFunction(&TIMER_Destroy)
WARN: sec->AddDestroyFunction(&CMOS_Destroy,true)
[XS_UpdateScreenBuffer]: Signature received
[XS_Message]: TITLE [DOSCARD 0.0.3, CPU speed:     3000 cycles, Frameskip  0, Program:   DOSBOX]
WARN: sec->AddDestroyFunction(&CPU_ShutDown,true)
WARN: sec->AddDestroyFunction(&DMA_Destroy)
WARN: sec->AddDestroyFunction(&VGA_Memory_ShutDown)
[XS_Message]: MIXER: Starting f=44100, l=256
[XS_UpdateSoundBuffer]: Audio opened successfully
[XS_Message]: dbfopen(): Pretend to open file auto.kl for rb
[XS_Message]: dbfopen(): Pretend to open file keyboard.sys for rb
[XS_Message]: dbfopen(): Pretend to open file keybrd2.sys for rb
[XS_Message]: dbfopen(): Pretend to open file keybrd3.sys for rb
[XS_Message]: dbfopen(): Pretend to open file keyboard.sys for rb
[XS_Message]: dbfopen(): Pretend to open file keybrd2.sys for rb
[XS_Message]: dbfopen(): Pretend to open file keybrd3.sys for rb
[XS_Message]: dbfopen(): Pretend to open file auto.kl for rb
[XS_Message]: dbfopen(): Pretend to open file keyboard.sys for rb
[XS_Message]: dbfopen(): Pretend to open file keybrd2.sys for rb
[XS_Message]: dbfopen(): Pretend to open file keybrd3.sys for rb
[XS_Message]: dbfopen(): Pretend to open file keyboard.sys for rb
[XS_Message]: dbfopen(): Pretend to open file keybrd2.sys for rb
[XS_Message]: dbfopen(): Pretend to open file keybrd3.sys for rb
[XS_Message]: CDosBox::Execute(): Startup...
[XS_Message]: ht 100 vt 449 ratio 1.000000
[XS_UpdateScreenBuffer]: Framebuffer resized to 640x400
[XS_Message]: TITLE [DOSCARD 0.0.3, CPU speed:     3000 cycles, Frameskip  0, Program: IMGMOUNT]
[XS_Message]: dbfopen(): Pretend to open file c.img for rb+
[XS_Message]: autosized image file: 512:63:16:812
[XS_Message]: dbfopen(): Pretend to open file c.img for rb+
[XS_Message]: Using partition 0 on drive; skipping 63 sectors
[XS_Message]: Mounted FAT volume is FAT16 with 51125 clusters
[XS_Message]: TITLE [DOSCARD 0.0.3, CPU speed:     3000 cycles, Frameskip  0, Program:   DOSBOX]
[XS_Message]: TITLE [DOSCARD 0.0.3, CPU speed:     3000 cycles, Frameskip  0, Program:     BOOT]
[XS_Message]: ResolveHomedir()
[XS_Message]: dbfopen(): Pretend to open file c.img for rb+
[XS_Message]: Loaded disk 0 from swaplist position 0 - "c.img"
[XS_Message]: Loaded disk 1 from swaplist position 0 - "c.img"
[XS_Message]: dbfopen(): Pretend to open file auto.kl for rb
[XS_Message]: dbfopen(): Pretend to open file keyboard.sys for rb
[XS_Message]: dbfopen(): Pretend to open file keybrd2.sys for rb
[XS_Message]: dbfopen(): Pretend to open file keybrd3.sys for rb
[XS_Message]: dbfopen(): Pretend to open file keyboard.sys for rb
[XS_Message]: dbfopen(): Pretend to open file keybrd2.sys for rb
[XS_Message]: dbfopen(): Pretend to open file keybrd3.sys for rb
[XS_Message]: dbfopen(): Pretend to open file auto.kl for rb
[XS_Message]: dbfopen(): Pretend to open file keyboard.sys for rb
[XS_Message]: dbfopen(): Pretend to open file keybrd2.sys for rb
[XS_Message]: dbfopen(): Pretend to open file keybrd3.sys for rb
[XS_Message]: dbfopen(): Pretend to open file keyboard.sys for rb
[XS_Message]: dbfopen(): Pretend to open file keybrd2.sys for rb
[XS_Message]: dbfopen(): Pretend to open file keybrd3.sys for rb
[XS_Message]: ht 100 vt 449 ratio 1.200000
[XS_UpdateScreenBuffer]: Framebuffer resized to 320x400
[XS_Message]: TITLE [DOSCARD 0.0.3, CPU speed: max 100% cycles, Frameskip  0, Program:     BOOT]
[XS_Message]: DOSBox switched to max cycles, because of the setting: cycles=auto. If the game runs too fast try a fixed cycles amount in DOSBox's options.
[XS_Message]: Mouse_AutoLock(): mouse wanted = 0

[XS_Message]: Mouse_AutoLock(): mouse wanted = 0

[XS_Message]: Mouse_AutoLock(): mouse wanted = 1

[XS_Message]: Mouse_AutoLock(): mouse wanted = 1

[XS_Message]: ht 132 vt 628 ratio 1.000000
[XS_UpdateScreenBuffer]: Framebuffer resized to 800x600
[XS_Message]: ht 100 vt 449 ratio 1.200000
[XS_UpdateScreenBuffer]: Framebuffer resized to 320x200
[XS_Message]: ht 100 vt 449 ratio 1.200000
[XS_UpdateScreenBuffer]: Framebuffer resized to 320x400
[XS_Message]: Mouse_AutoLock(): mouse wanted = 0

[XS_Message]: ht 100 vt 449 ratio 1.200000
[XS_Message]: CDosBox::Execute(): killer exception catch
[XS_Message]: CDosBox::Execute(): Exit
[XSHELL MAIN]: SDLoop() Exited
[XSHELL MAIN]: DOS Thread Exited (0)
[XSHELL MAIN]: QUIT
[PROFILE]: Exit
