Alive
TryLoad(): Bitcode file loaded. Trying to build engine...
TryLoad(): Loading functions...
LoadFunctions(): $0x68e6d0
LoadFunctions(): $0x68e790
LoadFunctions(): $0x68e9d0
LoadFunctions(): $0x68d740
LoadFunctions(): $0x68eba0
LoadFunctions(): $0x68ec60
LoadFunctions(): $0x68ed20
LoadFunctions(): $0x68ede0
LoadFunctions(): $0x6b1eb0
LoadFunctions(): $0x6b1f40
LoadFunctions(): $0x6b1fd0
LoadFunctions(): $0x6b2060
LoadFunctions(): $0x68e910
LoadFunctions(): $0x6b2180
LoadFunctions(): $0x6b2210
LoadFunctions(): $0x6b22a0
LoadFunctions(): Done!
TryLoad(): Enabling statics...
TryLoad(): Loading OK.
Runner() executed!
Loop started
[MSG]: CDosBox::Execute(): Enter
[MSG]: DOSCARD version 0.0.7 build 498
[MSG]: Copyright (C) 2002-2013 DOSBox Team, published under GNU GPL.
[MSG]: Copyright (C) 2013-2014 Soloviov 'MatrixS_Master' Dmitry.
[MSG]: Compiled with clang version 3.4 (tags/RELEASE_34/final) Mon Mar 17 23:28:43 MSK 2014
[MSG]: CDosBox::Execute(): Initializing subsystems...
[MSG]: RENDER: Dummy mode
[MSG]: TITLE [DOSCARD 0.0.7, CPU speed:     3000 cycles, Frameskip  0, Program:   DOSBOX]
[MSG]: MIXER: Silent mode
[MSG]: Serial port params changed
[MSG]: Serial port params changed
[MSG]: Serial port params changed
[MSG]: Serial port 0 configured as dummy
[MSG]: Serial port params changed
[MSG]: Serial port params changed
[MSG]: Serial port params changed
[MSG]: Serial port 1 configured as dummy
[MSG]: Serial port 2 disabled
[MSG]: Serial port 3 disabled
STI: len=1
[MSG]: dbfopen(): Pretend to open file auto.kl for rb
[MSG]: dbfopen(): Pretend to open file keyboard.sys for rb
[MSG]: dbfopen(): Pretend to open file keybrd2.sys for rb
[MSG]: dbfopen(): Pretend to open file keybrd3.sys for rb
[MSG]: dbfopen(): Pretend to open file keyboard.sys for rb
[MSG]: dbfopen(): Pretend to open file keybrd2.sys for rb
[MSG]: dbfopen(): Pretend to open file keybrd3.sys for rb
[MSG]: dbfopen(): Pretend to open file auto.kl for rb
[MSG]: dbfopen(): Pretend to open file keyboard.sys for rb
[MSG]: dbfopen(): Pretend to open file keybrd2.sys for rb
[MSG]: dbfopen(): Pretend to open file keybrd3.sys for rb
[MSG]: dbfopen(): Pretend to open file keyboard.sys for rb
[MSG]: dbfopen(): Pretend to open file keybrd2.sys for rb
[MSG]: dbfopen(): Pretend to open file keybrd3.sys for rb
[MSG]: CDosBox::Execute(): Run!
DOSCARD ver.0.0.7 bld.498
Copyright (C) 2002-2013 DOSBox Team, published under GNU GPL.
Copyright (C) 2013-2014 Soloviov 'MatrixS_Master' Dmitry.


Z:\>SET BLASTER=A220 I7 D1 H5 T6


Z:\>Entered: 

DCP: StringInput now: '
'
STI: StringInput now: ''
STI: len=1
[0x0A]
dir
Z:\>Entered: dir

DCP: StringInput now: 'dir
'
STI: StringInput now: 'ir
'
STI: len=1
STI: StringInput now: 'r
'
STI: len=1
STI: StringInput now: '
'
STI: len=1
STI: StringInput now: ''
dir[0x0A]Directory of Z:\.
COMMAND  COM                 20 01-10-2002 12:34
AUTOEXEC BAT                 30 01-10-2002 12:34
KEYB     COM                 20 01-10-2002 12:34
IMGMOUNT COM                 20 01-10-2002 12:34
BOOT     COM                 20 01-10-2002 12:34
STI: len=1
RESCAN   COM                 20 01-10-2002 12:34
LOADFIX  COM                 20 01-10-2002 12:34
MEM      COM                 20 01-10-2002 12:34
MOUNT    COM                 20 01-10-2002 12:34
MIXER    COM                 20 01-10-2002 12:34
   10 File(s)               210 Bytes.
    0 Dir(s)                  0 Bytes free.


Z:\>Entered: 

DCP: StringInput now: '
'
STI: StringInput now: ''
STI: len=1
[0x0A]
exit
Z:\>Entered: exit

DCP: StringInput now: 'exit
'
STI: StringInput now: 'xit
'
STI: len=1
STI: StringInput now: 'it
'
STI: len=1
STI: StringInput now: 't
'
STI: len=1
STI: StringInput now: '
'
STI: len=1
STI: StringInput now: ''
exit[0x0A]
[MSG]: CDosBox::Execute(): loopcount = 0
[MSG]: Cleaning subsystems...
Runner() finished natively!
[MSG]: CDosBox::Execute(): Exit
Loop ended
Deleting machine...
Quit
